1596543880755	geckodriver	INFO	Listening on 127.0.0.1:56017
1596543883764	mozrunner::runner	INFO	Running command: "C:\\Program Files\\Mozilla Firefox\\firefox.exe" "--marionette" "-foreground" "-no-remote" "-profile" "C:\\Users\\143\\AppData\\Local\\Temp\\rust_mozprofilebbYVT8"
console.error: SearchCache: "_readCacheFile: Error reading cache file:" (new Error("", "(unknown module)"))
JavaScript error: resource://gre/modules/XULStore.jsm, line 66: Error: Can't find profile directory.
1596543885520	Marionette	INFO	Listening on port 56029
1596543885772	Marionette	WARN	TLS certificate errors will be ignored for this session
[Child 10564, Chrome_ChildThread] WARNING: pipe error: 232: file /builds/worker/checkouts/gecko/ipc/chromium/src/chrome/common/ipc_channel_win.cc, line 524
1596543895185	Marionette	INFO	Stopped listening on port 56029

###!!! [Child][MessageChannel::SendAndWait] Error: Channel error: cannot send/recv

1596543935941	geckodriver	INFO	Listening on 127.0.0.1:56137
1596543938925	mozrunner::runner	INFO	Running command: "C:\\Program Files\\Mozilla Firefox\\firefox.exe" "--marionette" "-foreground" "-no-remote" "-profile" "C:\\Users\\143\\AppData\\Local\\Temp\\rust_mozprofileGlhsdr"
console.error: SearchCache: "_readCacheFile: Error reading cache file:" (new Error("", "(unknown module)"))
JavaScript error: resource://gre/modules/XULStore.jsm, line 66: Error: Can't find profile directory.
1596543940495	Marionette	INFO	Listening on port 56148
1596543940939	Marionette	WARN	TLS certificate errors will be ignored for this session
[Child 26884, Chrome_ChildThread] WARNING: pipe error: 232: file /builds/worker/checkouts/gecko/ipc/chromium/src/chrome/common/ipc_channel_win.cc, line 524

###!!! [Child][RunMessage] Error: Channel closing: too late to send/recv, messages will be lost


###!!! [Child][RunMessage] Error: Channel closing: too late to send/recv, messages will be lost

1596543943664	Marionette	INFO	Stopped listening on port 56148

###!!! [Child][RunMessage] Error: Channel closing: too late to send/recv, messages will be lost


###!!! [Child][MessageChannel::SendAndWait] Error: Channel error: cannot send/recv

1596543961647	geckodriver	INFO	Listening on 127.0.0.1:56215
1596543964621	mozrunner::runner	INFO	Running command: "C:\\Program Files\\Mozilla Firefox\\firefox.exe" "--marionette" "-foreground" "-no-remote" "-profile" "C:\\Users\\143\\AppData\\Local\\Temp\\rust_mozprofile7FeNAX"
console.error: SearchCache: "_readCacheFile: Error reading cache file:" (new Error("", "(unknown module)"))
JavaScript error: resource://gre/modules/XULStore.jsm, line 66: Error: Can't find profile directory.
1596543966092	Marionette	INFO	Listening on port 56225
1596543966129	Marionette	WARN	TLS certificate errors will be ignored for this session
1596544029729	Marionette	INFO	Stopped listening on port 56225

###!!! [Child][RunMessage] Error: Channel closing: too late to send/recv, messages will be lost


###!!! [Child][MessageChannel::SendAndWait] Error: Channel error: cannot send/recv

mp\\rust_mozprofileZ4znAf"
console.error: SearchCache: "_readCacheFile: Error reading cache file:" (new Error("", "(unknown module)"))
JavaScript error: resource://gre/modules/XULStore.jsm, line 66: Error: Can't find profile directory.
1596544015059	Marionette	INFO	Listening on port 56313
1596544015544	Marionette	WARN	TLS certificate errors will be ignored for this session
1596544021473	Marionette	INFO	Stopped listening on port 56313

###!!! [Child][RunMessage] Error: Channel closing: too late to send/recv, messages will be lost


###!!! [Child][MessageChannel::SendAndWait] Error: Channel error: cannot send/recv

1596544039690	geckodriver	INFO	Listening on 127.0.0.1:56382
1596544042650	mozrunner::runner	INFO	Running command: "C:\\Program Files\\Mozilla Firefox\\firefox.exe" "--marionette" "-foreground" "-no-remote" "-profile" "C:\\Users\\143\\AppData\\Local\\Temp\\rust_mozprofileRQUZpm"
console.error: SearchCache: "_readCacheFile: Error reading cache file:" (new Error("", "(unknown module)"))
JavaScript error: resource://gre/modules/XULStore.jsm, line 66: Error: Can't find profile directory.
1596544044172	Marionette	INFO	Listening on port 56393
1596544044655	Marionette	WARN	TLS certificate errors will be ignored for this session
1596544050338	Marionette	INFO	Stopped listening on port 56393

###!!! [Child][RunMessage] Error: Channel closing: too late to send/recv, messages will be lost


###!!! [Child][MessageChannel::SendAndWait] Error: Channel error: cannot send/recv

1596544153260	geckodriver	INFO	Listening on 127.0.0.1:56502
1596544156222	mozrunner::runner	INFO	Running command: "C:\\Program Files\\Mozilla Firefox\\firefox.exe" "--marionette" "-foreground" "-no-remote" "-profile" "C:\\Users\\143\\AppData\\Local\\Temp\\rust_mozprofilemCoV0c"
console.error: SearchCache: "_readCacheFile: Error reading cache file:" (new Error("", "(unknown module)"))
JavaScript error: resource://gre/modules/XULStore.jsm, line 66: Error: Can't find profile directory.
1596544157729	Marionette	INFO	Listening on port 56513
1596544158230	Marionette	WARN	TLS certificate errors will be ignored for this session
1596544271860	Marionette	INFO	Stopped listening on port 56513

###!!! [Child][RunMessage] Error: Channel closing: too late to send/recv, messages will be lost


###!!! [Child][MessageChannel::SendAndWait] Error: Channel error: cannot send/recv

